{
  "run_id": "20431173656",
  "run_url": "https://github.com/mattsq/minello/actions/runs/20431173656",
  "sha": "51243b39f096d575ee70c066db77cc2866b92ae7",
  "branch": "claude/fix-ci-cascading-delete",
  "pr_number": "33",
  "overall_conclusion": "failure",
  "timestamp": "2025-12-22T11:59:48.760230Z",
  "jobs": [
    {
      "job_name": "build",
      "conclusion": "success",
      "duration_seconds": null,
      "failed_steps": [
        {
          "step_name": "build",
          "log_excerpt": [
            "WriteAuxiliaryFile /Users/runner/work/minello/minello/HomeCooked/DerivedData/Build/Intermediates.noindex/HomeCooked.build/Debug-iphonesimulator/HomeCooked.build/Objects-normal/arm64/HomeCooked.SwiftConstValuesFileList (in target 'HomeCooked' from project 'HomeCooked')",
            "    cd /Users/runner/work/minello/minello/HomeCooked",
            "    write-file /Users/runner/work/minello/minello/HomeCooked/DerivedData/Build/Intermediates.noindex/HomeCooked.build/Debug-iphonesimulator/HomeCooked.build/Objects-normal/arm64/HomeCooked.SwiftConstValuesFileList",
            "ExtractAppIntentsMetadata (in target 'HomeCooked' from project 'HomeCooked')",
            "    cd /Users/runner/work/minello/minello/HomeCooked",
            "    /Applications/Xcode_15.4.app/Contents/Developer/Toolchains/XcodeDefault.xctoolchain/usr/bin/appintentsmetadataprocessor --output /Users/runner/work/minello/minello/HomeCooked/DerivedData/Build/Products/Debug-iphonesimulator/HomeCooked.app --toolchain-dir /Applications/Xcode_15.4.app/Contents/Developer/Toolchains/XcodeDefault.xctoolchain --module-name HomeCooked --sdk-root /Applications/Xcode_15.4.app/Contents/Developer/Platforms/iPhoneSimulator.platform/Developer/SDKs/iPhoneSimulator17.5.sdk --xcode-version 15F31d --platform-family iOS --deployment-target 17.0 --target-triple arm64-apple-ios17.0-simulator --target-triple x86_64-apple-ios17.0-simulator --binary-file /Users/runner/work/minello/minello/HomeCooked/DerivedData/Build/Products/Debug-iphonesimulator/HomeCooked.app/HomeCooked --dependency-file /Users/runner/work/minello/minello/HomeCooked/DerivedData/Build/Intermediates.noindex/HomeCooked.build/Debug-iphonesimulator/HomeCooked.build/Objects-normal/arm64/HomeCooked_dependency_info.dat --dependency-file /Users/runner/work/minello/minello/HomeCooked/DerivedData/Build/Intermediates.noindex/HomeCooked.build/Debug-iphonesimulator/HomeCooked.build/Objects-normal/x86_64/HomeCooked_dependency_info.dat --stringsdata-file /Users/runner/work/minello/minello/HomeCooked/DerivedData/Build/Intermediates.noindex/HomeCooked.build/Debug-iphonesimulator/HomeCooked.build/Objects-normal/arm64/ExtractedAppShortcutsMetadata.stringsdata --stringsdata-file /Users/runner/work/minello/minello/HomeCooked/DerivedData/Build/Intermediates.noindex/HomeCooked.build/Debug-iphonesimulator/HomeCooked.build/Objects-normal/x86_64/ExtractedAppShortcutsMetadata.stringsdata --source-file-list /Users/runner/work/minello/minello/HomeCooked/DerivedData/Build/Intermediates.noindex/HomeCooked.build/Debug-iphonesimulator/HomeCooked.build/Objects-normal/arm64/HomeCooked.SwiftFileList --source-file-list /Users/runner/work/minello/minello/HomeCooked/DerivedData/Build/Intermediates.noindex/HomeCooked.build/Debug-iphonesimulator/HomeCooked.build/Objects-normal/x86_64/HomeCooked.SwiftFileList --swift-const-vals-list /Users/runner/work/minello/minello/HomeCooked/DerivedData/Build/Intermediates.noindex/HomeCooked.build/Debug-iphonesimulator/HomeCooked.build/Objects-normal/arm64/HomeCooked.SwiftConstValuesFileList --swift-const-vals-list /Users/runner/work/minello/minello/HomeCooked/DerivedData/Build/Intermediates.noindex/HomeCooked.build/Debug-iphonesimulator/HomeCooked.build/Objects-normal/x86_64/HomeCooked.SwiftConstValuesFileList --compile-time-extraction --deployment-aware-processing",
            "note: Metadata extraction skipped. No AppIntents.framework dependency found. (in target 'HomeCooked' from project 'HomeCooked')",
            "AppIntentsSSUTraining (in target 'HomeCooked' from project 'HomeCooked')",
            "    cd /Users/runner/work/minello/minello/HomeCooked",
            "    /Applications/Xcode_15.4.app/Contents/Developer/Toolchains/XcodeDefault.xctoolchain/usr/bin/appintentsnltrainingprocessor --infoplist-path /Users/runner/work/minello/minello/HomeCooked/DerivedData/Build/Products/Debug-iphonesimulator/HomeCooked.app/Info.plist --temp-dir-path /Users/runner/work/minello/minello/HomeCooked/DerivedData/Build/Intermediates.noindex/HomeCooked.build/Debug-iphonesimulator/HomeCooked.build/ssu --bundle-id com.homecooked.HomeCooked --product-path /Users/runner/work/minello/minello/HomeCooked/DerivedData/Build/Products/Debug-iphonesimulator/HomeCooked.app --extracted-metadata-path /Users/runner/work/minello/minello/HomeCooked/DerivedData/Build/Products/Debug-iphonesimulator/HomeCooked.app/Metadata.appintents --archive-ssu-assets",
            "2025-12-22 11:57:12.632 appintentsnltrainingprocessor[2366:12185] Parsing options for appintentsnltrainingprocessor",
            "2025-12-22 11:57:12.637 appintentsnltrainingprocessor[2366:12185] No AppShortcuts found - Skipping.",
            "RegisterExecutionPolicyException /Users/runner/work/minello/minello/HomeCooked/DerivedData/Build/Products/Debug-iphonesimulator/HomeCooked.app (in target 'HomeCooked' from project 'HomeCooked')",
            "    cd /Users/runner/work/minello/minello/HomeCooked",
            "    builtin-RegisterExecutionPolicyException /Users/runner/work/minello/minello/HomeCooked/DerivedData/Build/Products/Debug-iphonesimulator/HomeCooked.app",
            "Validate /Users/runner/work/minello/minello/HomeCooked/DerivedData/Build/Products/Debug-iphonesimulator/HomeCooked.app (in target 'HomeCooked' from project 'HomeCooked')",
            "    cd /Users/runner/work/minello/minello/HomeCooked",
            "    builtin-validationUtility /Users/runner/work/minello/minello/HomeCooked/DerivedData/Build/Products/Debug-iphonesimulator/HomeCooked.app",
            "Touch /Users/runner/work/minello/minello/HomeCooked/DerivedData/Build/Products/Debug-iphonesimulator/HomeCooked.app (in target 'HomeCooked' from project 'HomeCooked')",
            "    cd /Users/runner/work/minello/minello/HomeCooked",
            "    /usr/bin/touch -c /Users/runner/work/minello/minello/HomeCooked/DerivedData/Build/Products/Debug-iphonesimulator/HomeCooked.app",
            "** BUILD SUCCEEDED **"
          ],
          "log_tail": [
            "    cd /Users/runner/work/minello/minello/HomeCooked",
            "    builtin-Swift-Compilation -- /Applications/Xcode_15.4.app/Contents/Developer/Toolchains/XcodeDefault.xctoolchain/usr/bin/swiftc -module-name HomeCooked -Onone -enforce-exclusivity\\=checked @/Users/runner/work/minello/minello/HomeCooked/DerivedData/Build/Intermediates.noindex/HomeCooked.build/Debug-iphonesimulator/HomeCooked.build/Objects-normal/x86_64/HomeCooked.SwiftFileList -DDEBUG -sdk /Applications/Xcode_15.4.app/Contents/Developer/Platforms/iPhoneSimulator.platform/Developer/SDKs/iPhoneSimulator17.5.sdk -target x86_64-apple-ios17.0-simulator -enable-bare-slash-regex -g -module-cache-path /Users/runner/work/minello/minello/HomeCooked/DerivedData/ModuleCache.noindex -Xfrontend -serialize-debugging-options -enable-testing -index-store-path /Users/runner/work/minello/minello/HomeCooked/DerivedData/Index.noindex/DataStore -swift-version 5 -I /Users/runner/work/minello/minello/HomeCooked/DerivedData/Build/Products/Debug-iphonesimulator -F /Users/runner/work/minello/minello/HomeCooked/DerivedData/Build/Products/Debug-iphonesimulator -emit-localized-strings -emit-localized-strings-path /Users/runner/work/minello/minello/HomeCooked/DerivedData/Build/Intermediates.noindex/HomeCooked.build/Debug-iphonesimulator/HomeCooked.build/Objects-normal/x86_64 -c -j3 -enable-batch-mode -incremental -Xcc -ivfsstatcache -Xcc /Users/runner/work/minello/minello/HomeCooked/DerivedData/SDKStatCaches.noindex/iphonesimulator17.5-21F77-23950cd4b3f73050108268841b0fa1a8.sdkstatcache -output-file-map /Users/runner/work/minello/minello/HomeCooked/DerivedData/Build/Intermediates.noindex/HomeCooked.build/Debug-iphonesimulator/HomeCooked.build/Objects-normal/x86_64/HomeCooked-OutputFileMap.json -use-frontend-parseable-output -save-temps -no-color-diagnostics -serialize-diagnostics -emit-dependencies -emit-module -emit-module-path /Users/runner/work/minello/minello/HomeCooked/DerivedData/Build/Intermediates.noindex/HomeCooked.build/Debug-iphonesimulator/HomeCooked.build/Objects-normal/x86_64/HomeCooked.swiftmodule -validate-clang-modules-once -clang-build-session-file /Users/runner/work/minello/minello/HomeCooked/DerivedData/ModuleCache.noindex/Session.modulevalidation -Xcc -I/Users/runner/work/minello/minello/HomeCooked/DerivedData/Build/Intermediates.noindex/HomeCooked.build/Debug-iphonesimulator/HomeCooked.build/swift-overrides.hmap -emit-const-values -Xfrontend -const-gather-protocols-file -Xfrontend /Users/runner/work/minello/minello/HomeCooked/DerivedData/Build/Intermediates.noindex/HomeCooked.build/Debug-iphonesimulator/HomeCooked.build/Objects-normal/x86_64/HomeCooked_const_extract_protocols.json -Xcc -iquote -Xcc /Users/runner/work/minello/minello/HomeCooked/DerivedData/Build/Intermediates.noindex/HomeCooked.build/Debug-iphonesimulator/HomeCooked.build/HomeCooked-generated-files.hmap -Xcc -I/Users/runner/work/minello/minello/HomeCooked/DerivedData/Build/Intermediates.noindex/HomeCooked.build/Debug-iphonesimulator/HomeCooked.build/HomeCooked-own-target-headers.hmap -Xcc -I/Users/runner/work/minello/minello/HomeCooked/DerivedData/Build/Intermediates.noindex/HomeCooked.build/Debug-iphonesimulator/HomeCooked.build/HomeCooked-all-target-headers.hmap -Xcc -iquote -Xcc /Users/runner/work/minello/minello/HomeCooked/DerivedData/Build/Intermediates.noindex/HomeCooked.build/Debug-iphonesimulator/HomeCooked.build/HomeCooked-project-headers.hmap -Xcc -I/Users/runner/work/minello/minello/HomeCooked/DerivedData/Build/Products/Debug-iphonesimulator/include -Xcc -I/Users/runner/work/minello/minello/HomeCooked/DerivedData/Build/Intermediates.noindex/HomeCooked.build/Debug-iphonesimulator/HomeCooked.build/DerivedSources-normal/x86_64 -Xcc -I/Users/runner/work/minello/minello/HomeCooked/DerivedData/Build/Intermediates.noindex/HomeCooked.build/Debug-iphonesimulator/HomeCooked.build/DerivedSources/x86_64 -Xcc -I/Users/runner/work/minello/minello/HomeCooked/DerivedData/Build/Intermediates.noindex/HomeCooked.build/Debug-iphonesimulator/HomeCooked.build/DerivedSources -Xcc -DDEBUG\\=1 -emit-objc-header -emit-objc-header-path /Users/runner/work/minello/minello/HomeCooked/DerivedData/Build/Intermediates.noindex/HomeCooked.build/Debug-iphonesimulator/HomeCooked.build/Objects-normal/x86_64/HomeCooked-Swift.h -working-directory /Users/runner/work/minello/minello/HomeCooked -experimental-emit-module-separately -disable-cmo",
            "Ld /Users/runner/work/minello/minello/HomeCooked/DerivedData/Build/Intermediates.noindex/HomeCooked.build/Debug-iphonesimulator/HomeCooked.build/Objects-normal/x86_64/Binary/HomeCooked normal x86_64 (in target 'HomeCooked' from project 'HomeCooked')",
            "    cd /Users/runner/work/minello/minello/HomeCooked",
            "    /Applications/Xcode_15.4.app/Contents/Developer/Toolchains/XcodeDefault.xctoolchain/usr/bin/clang -Xlinker -reproducible -target x86_64-apple-ios17.0-simulator -isysroot /Applications/Xcode_15.4.app/Contents/Developer/Platforms/iPhoneSimulator.platform/Developer/SDKs/iPhoneSimulator17.5.sdk -O0 -L/Users/runner/work/minello/minello/HomeCooked/DerivedData/Build/Intermediates.noindex/EagerLinkingTBDs/Debug-iphonesimulator -L/Users/runner/work/minello/minello/HomeCooked/DerivedData/Build/Products/Debug-iphonesimulator -F/Users/runner/work/minello/minello/HomeCooked/DerivedData/Build/Intermediates.noindex/EagerLinkingTBDs/Debug-iphonesimulator -F/Users/runner/work/minello/minello/HomeCooked/DerivedData/Build/Products/Debug-iphonesimulator -filelist /Users/runner/work/minello/minello/HomeCooked/DerivedData/Build/Intermediates.noindex/HomeCooked.build/Debug-iphonesimulator/HomeCooked.build/Objects-normal/x86_64/HomeCooked.LinkFileList -Xlinker -rpath -Xlinker @executable_path/Frameworks -dead_strip -Xlinker -object_path_lto -Xlinker /Users/runner/work/minello/minello/HomeCooked/DerivedData/Build/Intermediates.noindex/HomeCooked.build/Debug-iphonesimulator/HomeCooked.build/Objects-normal/x86_64/HomeCooked_lto.o -Xlinker -export_dynamic -Xlinker -no_deduplicate -Xlinker -objc_abi_version -Xlinker 2 -fobjc-link-runtime -L/Applications/Xcode_15.4.app/Contents/Developer/Toolchains/XcodeDefault.xctoolchain/usr/lib/swift/iphonesimulator -L/usr/lib/swift -Xlinker -add_ast_path -Xlinker /Users/runner/work/minello/minello/HomeCooked/DerivedData/Build/Intermediates.noindex/HomeCooked.build/Debug-iphonesimulator/HomeCooked.build/Objects-normal/x86_64/HomeCooked.swiftmodule -Xlinker -dependency_info -Xlinker /Users/runner/work/minello/minello/HomeCooked/DerivedData/Build/Intermediates.noindex/HomeCooked.build/Debug-iphonesimulator/HomeCooked.build/Objects-normal/x86_64/HomeCooked_dependency_info.dat -o /Users/runner/work/minello/minello/HomeCooked/DerivedData/Build/Intermediates.noindex/HomeCooked.build/Debug-iphonesimulator/HomeCooked.build/Objects-normal/x86_64/Binary/HomeCooked",
            "CreateUniversalBinary /Users/runner/work/minello/minello/HomeCooked/DerivedData/Build/Products/Debug-iphonesimulator/HomeCooked.app/HomeCooked normal arm64\\ x86_64 (in target 'HomeCooked' from project 'HomeCooked')",
            "    cd /Users/runner/work/minello/minello/HomeCooked",
            "    /Applications/Xcode_15.4.app/Contents/Developer/Toolchains/XcodeDefault.xctoolchain/usr/bin/lipo -create /Users/runner/work/minello/minello/HomeCooked/DerivedData/Build/Intermediates.noindex/HomeCooked.build/Debug-iphonesimulator/HomeCooked.build/Objects-normal/arm64/Binary/HomeCooked /Users/runner/work/minello/minello/HomeCooked/DerivedData/Build/Intermediates.noindex/HomeCooked.build/Debug-iphonesimulator/HomeCooked.build/Objects-normal/x86_64/Binary/HomeCooked -output /Users/runner/work/minello/minello/HomeCooked/DerivedData/Build/Products/Debug-iphonesimulator/HomeCooked.app/HomeCooked",
            "CopySwiftLibs /Users/runner/work/minello/minello/HomeCooked/DerivedData/Build/Products/Debug-iphonesimulator/HomeCooked.app (in target 'HomeCooked' from project 'HomeCooked')",
            "    cd /Users/runner/work/minello/minello/HomeCooked",
            "    builtin-swiftStdLibTool --copy --verbose --scan-executable /Users/runner/work/minello/minello/HomeCooked/DerivedData/Build/Products/Debug-iphonesimulator/HomeCooked.app/HomeCooked --scan-folder /Users/runner/work/minello/minello/HomeCooked/DerivedData/Build/Products/Debug-iphonesimulator/HomeCooked.app/Frameworks --scan-folder /Users/runner/work/minello/minello/HomeCooked/DerivedData/Build/Products/Debug-iphonesimulator/HomeCooked.app/PlugIns --scan-folder /Users/runner/work/minello/minello/HomeCooked/DerivedData/Build/Products/Debug-iphonesimulator/HomeCooked.app/SystemExtensions --scan-folder /Users/runner/work/minello/minello/HomeCooked/DerivedData/Build/Products/Debug-iphonesimulator/HomeCooked.app/Extensions --platform iphonesimulator --toolchain /Applications/Xcode_15.4.app/Contents/Developer/Toolchains/XcodeDefault.xctoolchain --destination /Users/runner/work/minello/minello/HomeCooked/DerivedData/Build/Products/Debug-iphonesimulator/HomeCooked.app/Frameworks --strip-bitcode --strip-bitcode-tool /Applications/Xcode_15.4.app/Contents/Developer/Toolchains/XcodeDefault.xctoolchain/usr/bin/bitcode_strip --emit-dependency-info /Users/runner/work/minello/minello/HomeCooked/DerivedData/Build/Intermediates.noindex/HomeCooked.build/Debug-iphonesimulator/HomeCooked.build/SwiftStdLibToolInputDependencies.dep --filter-for-swift-os",
            "Ignoring --strip-bitcode because --sign was not passed",
            "WriteAuxiliaryFile /Users/runner/work/minello/minello/HomeCooked/DerivedData/Build/Intermediates.noindex/HomeCooked.build/Debug-iphonesimulator/HomeCooked.build/Objects-normal/x86_64/HomeCooked.SwiftConstValuesFileList (in target 'HomeCooked' from project 'HomeCooked')",
            "    cd /Users/runner/work/minello/minello/HomeCooked",
            "    write-file /Users/runner/work/minello/minello/HomeCooked/DerivedData/Build/Intermediates.noindex/HomeCooked.build/Debug-iphonesimulator/HomeCooked.build/Objects-normal/x86_64/HomeCooked.SwiftConstValuesFileList",
            "WriteAuxiliaryFile /Users/runner/work/minello/minello/HomeCooked/DerivedData/Build/Intermediates.noindex/HomeCooked.build/Debug-iphonesimulator/HomeCooked.build/Objects-normal/arm64/HomeCooked.SwiftConstValuesFileList (in target 'HomeCooked' from project 'HomeCooked')",
            "    cd /Users/runner/work/minello/minello/HomeCooked",
            "    write-file /Users/runner/work/minello/minello/HomeCooked/DerivedData/Build/Intermediates.noindex/HomeCooked.build/Debug-iphonesimulator/HomeCooked.build/Objects-normal/arm64/HomeCooked.SwiftConstValuesFileList",
            "ExtractAppIntentsMetadata (in target 'HomeCooked' from project 'HomeCooked')",
            "    cd /Users/runner/work/minello/minello/HomeCooked",
            "    /Applications/Xcode_15.4.app/Contents/Developer/Toolchains/XcodeDefault.xctoolchain/usr/bin/appintentsmetadataprocessor --output /Users/runner/work/minello/minello/HomeCooked/DerivedData/Build/Products/Debug-iphonesimulator/HomeCooked.app --toolchain-dir /Applications/Xcode_15.4.app/Contents/Developer/Toolchains/XcodeDefault.xctoolchain --module-name HomeCooked --sdk-root /Applications/Xcode_15.4.app/Contents/Developer/Platforms/iPhoneSimulator.platform/Developer/SDKs/iPhoneSimulator17.5.sdk --xcode-version 15F31d --platform-family iOS --deployment-target 17.0 --target-triple arm64-apple-ios17.0-simulator --target-triple x86_64-apple-ios17.0-simulator --binary-file /Users/runner/work/minello/minello/HomeCooked/DerivedData/Build/Products/Debug-iphonesimulator/HomeCooked.app/HomeCooked --dependency-file /Users/runner/work/minello/minello/HomeCooked/DerivedData/Build/Intermediates.noindex/HomeCooked.build/Debug-iphonesimulator/HomeCooked.build/Objects-normal/arm64/HomeCooked_dependency_info.dat --dependency-file /Users/runner/work/minello/minello/HomeCooked/DerivedData/Build/Intermediates.noindex/HomeCooked.build/Debug-iphonesimulator/HomeCooked.build/Objects-normal/x86_64/HomeCooked_dependency_info.dat --stringsdata-file /Users/runner/work/minello/minello/HomeCooked/DerivedData/Build/Intermediates.noindex/HomeCooked.build/Debug-iphonesimulator/HomeCooked.build/Objects-normal/arm64/ExtractedAppShortcutsMetadata.stringsdata --stringsdata-file /Users/runner/work/minello/minello/HomeCooked/DerivedData/Build/Intermediates.noindex/HomeCooked.build/Debug-iphonesimulator/HomeCooked.build/Objects-normal/x86_64/ExtractedAppShortcutsMetadata.stringsdata --source-file-list /Users/runner/work/minello/minello/HomeCooked/DerivedData/Build/Intermediates.noindex/HomeCooked.build/Debug-iphonesimulator/HomeCooked.build/Objects-normal/arm64/HomeCooked.SwiftFileList --source-file-list /Users/runner/work/minello/minello/HomeCooked/DerivedData/Build/Intermediates.noindex/HomeCooked.build/Debug-iphonesimulator/HomeCooked.build/Objects-normal/x86_64/HomeCooked.SwiftFileList --swift-const-vals-list /Users/runner/work/minello/minello/HomeCooked/DerivedData/Build/Intermediates.noindex/HomeCooked.build/Debug-iphonesimulator/HomeCooked.build/Objects-normal/arm64/HomeCooked.SwiftConstValuesFileList --swift-const-vals-list /Users/runner/work/minello/minello/HomeCooked/DerivedData/Build/Intermediates.noindex/HomeCooked.build/Debug-iphonesimulator/HomeCooked.build/Objects-normal/x86_64/HomeCooked.SwiftConstValuesFileList --compile-time-extraction --deployment-aware-processing",
            "note: Metadata extraction skipped. No AppIntents.framework dependency found. (in target 'HomeCooked' from project 'HomeCooked')",
            "AppIntentsSSUTraining (in target 'HomeCooked' from project 'HomeCooked')",
            "    cd /Users/runner/work/minello/minello/HomeCooked",
            "    /Applications/Xcode_15.4.app/Contents/Developer/Toolchains/XcodeDefault.xctoolchain/usr/bin/appintentsnltrainingprocessor --infoplist-path /Users/runner/work/minello/minello/HomeCooked/DerivedData/Build/Products/Debug-iphonesimulator/HomeCooked.app/Info.plist --temp-dir-path /Users/runner/work/minello/minello/HomeCooked/DerivedData/Build/Intermediates.noindex/HomeCooked.build/Debug-iphonesimulator/HomeCooked.build/ssu --bundle-id com.homecooked.HomeCooked --product-path /Users/runner/work/minello/minello/HomeCooked/DerivedData/Build/Products/Debug-iphonesimulator/HomeCooked.app --extracted-metadata-path /Users/runner/work/minello/minello/HomeCooked/DerivedData/Build/Products/Debug-iphonesimulator/HomeCooked.app/Metadata.appintents --archive-ssu-assets",
            "2025-12-22 11:57:12.632 appintentsnltrainingprocessor[2366:12185] Parsing options for appintentsnltrainingprocessor",
            "2025-12-22 11:57:12.637 appintentsnltrainingprocessor[2366:12185] No AppShortcuts found - Skipping.",
            "RegisterExecutionPolicyException /Users/runner/work/minello/minello/HomeCooked/DerivedData/Build/Products/Debug-iphonesimulator/HomeCooked.app (in target 'HomeCooked' from project 'HomeCooked')",
            "    cd /Users/runner/work/minello/minello/HomeCooked",
            "    builtin-RegisterExecutionPolicyException /Users/runner/work/minello/minello/HomeCooked/DerivedData/Build/Products/Debug-iphonesimulator/HomeCooked.app",
            "Validate /Users/runner/work/minello/minello/HomeCooked/DerivedData/Build/Products/Debug-iphonesimulator/HomeCooked.app (in target 'HomeCooked' from project 'HomeCooked')",
            "    cd /Users/runner/work/minello/minello/HomeCooked",
            "    builtin-validationUtility /Users/runner/work/minello/minello/HomeCooked/DerivedData/Build/Products/Debug-iphonesimulator/HomeCooked.app",
            "Touch /Users/runner/work/minello/minello/HomeCooked/DerivedData/Build/Products/Debug-iphonesimulator/HomeCooked.app (in target 'HomeCooked' from project 'HomeCooked')",
            "    cd /Users/runner/work/minello/minello/HomeCooked",
            "    /usr/bin/touch -c /Users/runner/work/minello/minello/HomeCooked/DerivedData/Build/Products/Debug-iphonesimulator/HomeCooked.app",
            "** BUILD SUCCEEDED **"
          ],
          "compilation_errors": [],
          "test_failures": [],
          "lint_violations": [],
          "error_summary": {}
        },
        {
          "step_name": "validate-project",
          "log_excerpt": [
            "HomeCooked/HomeCooked.xcodeproj/project.pbxproj: ASCII text",
            "=== Brace balance check ===",
            "Opening braces:       72",
            "Closing braces:       72",
            "\u2713 Braces are balanced",
            "=== Project file structure ===",
            "// !UTF8*14459",
            "{",
            "        archiveVersion = 1;",
            "        classes = {",
            "        };",
            "        objectVersion = 56;",
            "        objects = {",
            "/* Begin PBXBuildFile section */",
            "                D9839F67DE5610596C9B2FED /* BoardsRepositoryTests.swift in Sources */ = {isa = PBXBuildFile; fileRef = DB805F64E8178620C45A3C4C /* BoardsRepositoryTests.swift */; };",
            "...",
            "                                F9B623EAE48DD7FC836DC805 /* Debug */,",
            "                                9FE81F10FC0F5C68CD205C09 /* Release */,",
            "                        );",
            "                        defaultConfigurationIsVisible = 0;",
            "                        defaultConfigurationName = Release;",
            "                };",
            "/* End XCConfigurationList section */",
            "        };",
            "        rootObject = D0134771BAD2644D1A9FEB723C2633B0 /* Project object */;",
            "}"
          ],
          "log_tail": [
            "=== Validating Xcode project file ===",
            "File: HomeCooked/HomeCooked.xcodeproj/project.pbxproj",
            "Size:    31993 bytes",
            "Lines:      512",
            "grep: invalid option -- P",
            "usage: grep [-abcdDEFGHhIiJLlMmnOopqRSsUVvwXxZz] [-A num] [-B num] [-C[num]]",
            "\t[-e pattern] [-f file] [--binary-files=value] [--color=when]",
            "\t[--context[=num]] [--directories=action] [--label] [--line-buffered]",
            "\t[--null] [pattern] [file ...]",
            "Lines starting with tabs: 0",
            "=== Checking for corruption patterns ===",
            "\u2713 Unix line endings (LF)",
            "\u26a0\ufe0f  WARNING: Unexpected encoding",
            "HomeCooked/HomeCooked.xcodeproj/project.pbxproj: ASCII text",
            "=== Brace balance check ===",
            "Opening braces:       72",
            "Closing braces:       72",
            "\u2713 Braces are balanced",
            "=== Project file structure ===",
            "// !UTF8*14459",
            "{",
            "        archiveVersion = 1;",
            "        classes = {",
            "        };",
            "        objectVersion = 56;",
            "        objects = {",
            "/* Begin PBXBuildFile section */",
            "                D9839F67DE5610596C9B2FED /* BoardsRepositoryTests.swift in Sources */ = {isa = PBXBuildFile; fileRef = DB805F64E8178620C45A3C4C /* BoardsRepositoryTests.swift */; };",
            "...",
            "                                F9B623EAE48DD7FC836DC805 /* Debug */,",
            "                                9FE81F10FC0F5C68CD205C09 /* Release */,",
            "                        );",
            "                        defaultConfigurationIsVisible = 0;",
            "                        defaultConfigurationName = Release;",
            "                };",
            "/* End XCConfigurationList section */",
            "        };",
            "        rootObject = D0134771BAD2644D1A9FEB723C2633B0 /* Project object */;",
            "}"
          ],
          "compilation_errors": [],
          "test_failures": [],
          "lint_violations": [],
          "error_summary": {}
        }
      ],
      "total_errors": 0,
      "total_warnings": 0
    },
    {
      "job_name": "test",
      "conclusion": "failure",
      "duration_seconds": null,
      "failed_steps": [
        {
          "step_name": "test",
          "log_excerpt": [
            "[BoardsRepository] fetch(id:) found board 700040F4-A89D-49B9-A136-F6EB6B2D99E0 with 1 columns",
            "Columns fetched: 1, Cards fetched: 1",
            "/Users/runner/work/minello/minello/HomeCooked/Tests/Integration/PersistenceIntegrationTests.swift:124: error: -[HomeCookedTests.PersistenceIntegrationTests testCascadingDelete] : XCTAssertTrue failed",
            "/Users/runner/work/minello/minello/HomeCooked/Tests/Integration/PersistenceIntegrationTests.swift:125: error: -[HomeCookedTests.PersistenceIntegrationTests testCascadingDelete] : XCTAssertTrue failed",
            "Test Case '-[HomeCookedTests.PersistenceIntegrationTests testCascadingDelete]' failed (0.186 seconds).",
            "Test Case '-[HomeCookedTests.PersistenceIntegrationTests testRoundTripCreateFetchDelete]' started.",
            "[BoardsRepository] create(board:) completed for DCEEFE7B-6315-4BC1-9456-326BA8E2C534",
            "\tPersistenceIntegrationTests.testCascadingDelete()",
            "** TEST FAILED **",
            "Testing started"
          ],
          "log_tail": [
            "[BoardsRepository] fetch(id:) found board 581B7D0B-5374-4ED2-A392-18BE293203F0 with 0 columns",
            "Test Case '-[HomeCookedTests.BoardsRepositoryTests testUpdateBoard]' passed (0.008 seconds).",
            "Test Suite 'BoardsRepositoryTests' passed at 2025-12-22 11:58:56.486.",
            "\t Executed 4 tests, with 0 failures (0 unexpected) in 0.055 (0.061) seconds",
            "Test Suite 'CardMigrationTests' started at 2025-12-22 11:58:56.487.",
            "Test Case '-[HomeCookedTests.CardMigrationTests testMigrationHandlesMultipleColumns]' started.",
            "Test Case '-[HomeCookedTests.CardMigrationTests testMigrationHandlesMultipleColumns]' passed (0.007 seconds).",
            "Test Case '-[HomeCookedTests.CardMigrationTests testSortKeyInitializedAscending]' started.",
            "Test Case '-[HomeCookedTests.CardMigrationTests testSortKeyInitializedAscending]' passed (0.064 seconds).",
            "Test Suite 'CardMigrationTests' passed at 2025-12-22 11:58:56.558.",
            "\t Executed 2 tests, with 0 failures (0 unexpected) in 0.070 (0.071) seconds",
            "Test Suite 'PersistenceIntegrationTests' started at 2025-12-22 11:58:56.558.",
            "Test Case '-[HomeCookedTests.PersistenceIntegrationTests testCascadingDelete]' started.",
            "[BoardsRepository] create(board:) completed for 700040F4-A89D-49B9-A136-F6EB6B2D99E0",
            "[BoardsRepository] fetch(id:) found board 700040F4-A89D-49B9-A136-F6EB6B2D99E0 with 1 columns",
            "Columns fetched: 1, Cards fetched: 1",
            "/Users/runner/work/minello/minello/HomeCooked/Tests/Integration/PersistenceIntegrationTests.swift:124: error: -[HomeCookedTests.PersistenceIntegrationTests testCascadingDelete] : XCTAssertTrue failed",
            "/Users/runner/work/minello/minello/HomeCooked/Tests/Integration/PersistenceIntegrationTests.swift:125: error: -[HomeCookedTests.PersistenceIntegrationTests testCascadingDelete] : XCTAssertTrue failed",
            "Test Case '-[HomeCookedTests.PersistenceIntegrationTests testCascadingDelete]' failed (0.186 seconds).",
            "Test Case '-[HomeCookedTests.PersistenceIntegrationTests testRoundTripCreateFetchDelete]' started.",
            "[BoardsRepository] create(board:) completed for DCEEFE7B-6315-4BC1-9456-326BA8E2C534",
            "[BoardsRepository] fetch(id:) found board DCEEFE7B-6315-4BC1-9456-326BA8E2C534 with 1 columns",
            "Board[DCEEFE7B-6315-4BC1-9456-326BA8E2C534] title=Integration Test Board columns=1",
            "  Column[55922641-2713-40D6-AADA-546FAE2BC965] title=Testing index=0 cards=1",
            "    Card[9C32B598-2E38-42DB-97FC-53771839CB16] title=Test Card sortKey=100.0",
            "[BoardsRepository] fetch(id:) found board DCEEFE7B-6315-4BC1-9456-326BA8E2C534 with 1 columns",
            "[BoardsRepository] fetch(DCEEFE7B-6315-4BC1-9456-326BA8E2C534) returned nil",
            "Board is nil",
            "Test Case '-[HomeCookedTests.PersistenceIntegrationTests testRoundTripCreateFetchDelete]' passed (0.018 seconds).",
            "Test Suite 'PersistenceIntegrationTests' failed at 2025-12-22 11:58:56.762.",
            "\t Executed 2 tests, with 2 failures (0 unexpected) in 0.204 (0.204) seconds",
            "Test Suite 'HomeCookedTests.xctest' failed at 2025-12-22 11:58:56.763.",
            "\t Executed 8 tests, with 2 failures (0 unexpected) in 0.330 (0.337) seconds",
            "Test Suite 'All tests' failed at 2025-12-22 11:58:56.763.",
            "\t Executed 8 tests, with 2 failures (0 unexpected) in 0.330 (0.338) seconds",
            "2025-12-22 11:59:29.740 xcodebuild[57921:242015] [MT] IDETestOperationsObserverDebug: 91.925 elapsed -- Testing started completed.",
            "2025-12-22 11:59:29.741 xcodebuild[57921:242015] [MT] IDETestOperationsObserverDebug: 0.000 sec, +0.000 sec -- start",
            "2025-12-22 11:59:29.741 xcodebuild[57921:242015] [MT] IDETestOperationsObserverDebug: 91.925 sec, +91.925 sec -- end",
            "Test session results, code coverage, and logs:",
            "\t/Users/runner/work/minello/minello/HomeCooked/DerivedData/Logs/Test/Test-HomeCooked-2025.12.22_11-57-34-+0000.xcresult",
            "Failing tests:",
            "\tPersistenceIntegrationTests.testCascadingDelete()",
            "\tPersistenceIntegrationTests.testCascadingDelete()",
            "** TEST FAILED **",
            "Testing started"
          ],
          "compilation_errors": [],
          "test_failures": [
            {
              "test_name": "HomeCookedTests",
              "test_case": "PersistenceIntegrationTests testCascadingDelete",
              "failure_message": "Test failed (no details)",
              "file_path": null,
              "line_number": null
            }
          ],
          "lint_violations": [],
          "error_summary": {
            "test_failures": 1
          }
        }
      ],
      "total_errors": 1,
      "total_warnings": 0
    },
    {
      "job_name": "lint",
      "conclusion": "success",
      "duration_seconds": null,
      "failed_steps": [
        {
          "step_name": "swiftlint",
          "log_excerpt": [
            "Linting Swift files in current working directory",
            "Error: No lintable files found at paths: ''"
          ],
          "log_tail": [
            "Linting Swift files in current working directory",
            "Error: No lintable files found at paths: ''"
          ],
          "compilation_errors": [],
          "test_failures": [],
          "lint_violations": [],
          "error_summary": {}
        },
        {
          "step_name": "swiftformat",
          "log_excerpt": [
            "Running SwiftFormat...",
            "(lint mode - no files will be changed.)",
            "/Users/runner/work/minello/minello/HomeCooked/Persistence/Repositories/BoardsRepository.swift:48:1: error: (trailingSpace) Remove trailing space at end of a line.",
            "SwiftFormat completed in 0.15s.",
            "Source input did not pass lint check.",
            "1/25 files require formatting."
          ],
          "log_tail": [
            "Running SwiftFormat...",
            "(lint mode - no files will be changed.)",
            "/Users/runner/work/minello/minello/HomeCooked/Persistence/Repositories/BoardsRepository.swift:48:1: error: (trailingSpace) Remove trailing space at end of a line.",
            "SwiftFormat completed in 0.15s.",
            "Source input did not pass lint check.",
            "1/25 files require formatting."
          ],
          "compilation_errors": [],
          "test_failures": [],
          "lint_violations": [
            {
              "file_path": "/Users/runner/work/minello/minello/HomeCooked/Persistence/Repositories/BoardsRepository.swift",
              "line": 48,
              "column": 1,
              "rule": "trailingSpace",
              "message": "Remove trailing space at end of a line.",
              "severity": "error"
            }
          ],
          "error_summary": {
            "lint_errors": 1,
            "lint_warnings": 0
          }
        }
      ],
      "total_errors": 1,
      "total_warnings": 0
    }
  ],
  "artifacts": [
    {
      "name": "test-results",
      "path": ".ci/test-results"
    },
    {
      "name": "failed-snapshots",
      "path": ".ci/failed-snapshots"
    },
    {
      "name": "lint-results",
      "path": ".ci/lint-results"
    },
    {
      "name": "build-logs",
      "path": ".ci/build-logs"
    },
    {
      "name": "test-logs",
      "path": ".ci/test-logs"
    },
    {
      "name": "lint-logs",
      "path": ".ci/lint-logs"
    }
  ],
  "total_compilation_errors": 0,
  "total_test_failures": 1,
  "total_lint_violations": 1
}